This is pdfTeX, Version 3.141592653-2.6-1.40.25 (TeX Live 2023) (preloaded format=pdflatex 2023.4.7)  20 NOV 2023 12:25
entering extended mode
 restricted \write18 enabled.
 file:line:error style messages enabled.
 %&-line parsing enabled.
**"d:/DRAN/BTP Report/Main.tex"
(d:/DRAN/BTP Report/Main.tex
LaTeX2e <2022-11-01> patch level 1
L3 programming layer <2023-03-30> (./Dissertation.cls

LaTeX Warning: You have requested document class `Dissertation',
               but the document class provides `Thesis'.

Document Class: Thesis 2007/22/02 v1.0 LaTeX document class
(d:/texlive/2023/texmf-dist/tex/latex/base/book.cls
Document Class: book 2022/07/02 v1.4n Standard LaTeX document class
(d:/texlive/2023/texmf-dist/tex/latex/base/bk11.clo
File: bk11.clo 2022/07/02 v1.4n Standard LaTeX file (size option)
)
\c@part=\count185
\c@chapter=\count186
\c@section=\count187
\c@subsection=\count188
\c@subsubsection=\count189
\c@paragraph=\count190
\c@subparagraph=\count191
\c@figure=\count192
\c@table=\count193
\abovecaptionskip=\skip48
\belowcaptionskip=\skip49
\bibindent=\dimen140
) (d:/texlive/2023/texmf-dist/tex/latex/setspace/setspace.sty
Package: setspace 2022/12/04 v6.7b set line spacing
) (d:/texlive/2023/texmf-dist/tex/latex/vmargin/vmargin.sty
Package: vmargin 2004/07/15 V2.5 set document margins (VK)

Package: vmargin 2004/07/15 V2.5 set document margins (VK)
\PaperWidth=\dimen141
\PaperHeight=\dimen142
) (d:/texlive/2023/texmf-dist/tex/latex/fancyhdr/fancyhdr.sty
Package: fancyhdr 2022/11/09 v4.1 Extensive control of page headers and footers
\f@nch@headwidth=\skip50
\f@nch@O@elh=\skip51
\f@nch@O@erh=\skip52
\f@nch@O@olh=\skip53
\f@nch@O@orh=\skip54
\f@nch@O@elf=\skip55
\f@nch@O@erf=\skip56
\f@nch@O@olf=\skip57
\f@nch@O@orf=\skip58
) (d:/texlive/2023/texmf-dist/tex/latex/amsmath/amsmath.sty
Package: amsmath 2022/04/08 v2.17n AMS math features
\@mathmargin=\skip59

For additional information on amsmath, use the `?' option.
(d:/texlive/2023/texmf-dist/tex/latex/amsmath/amstext.sty
Package: amstext 2021/08/26 v2.01 AMS text
 (d:/texlive/2023/texmf-dist/tex/latex/amsmath/amsgen.sty
File: amsgen.sty 1999/11/30 v2.0 generic functions
\@emptytoks=\toks16
\ex@=\dimen143
)) (d:/texlive/2023/texmf-dist/tex/latex/amsmath/amsbsy.sty
Package: amsbsy 1999/11/29 v1.2d Bold Symbols
\pmbraise@=\dimen144
) (d:/texlive/2023/texmf-dist/tex/latex/amsmath/amsopn.sty
Package: amsopn 2022/04/08 v2.04 operator names
)
\inf@bad=\count194
LaTeX Info: Redefining \frac on input line 234.
\uproot@=\count195
\leftroot@=\count196
LaTeX Info: Redefining \overline on input line 399.
LaTeX Info: Redefining \colon on input line 410.
\classnum@=\count197
\DOTSCASE@=\count198
LaTeX Info: Redefining \ldots on input line 496.
LaTeX Info: Redefining \dots on input line 499.
LaTeX Info: Redefining \cdots on input line 620.
\Mathstrutbox@=\box51
\strutbox@=\box52
LaTeX Info: Redefining \big on input line 722.
LaTeX Info: Redefining \Big on input line 723.
LaTeX Info: Redefining \bigg on input line 724.
LaTeX Info: Redefining \Bigg on input line 725.
\big@size=\dimen145
LaTeX Font Info:    Redeclaring font encoding OML on input line 743.
LaTeX Font Info:    Redeclaring font encoding OMS on input line 744.
\macc@depth=\count199
LaTeX Info: Redefining \bmod on input line 905.
LaTeX Info: Redefining \pmod on input line 910.
LaTeX Info: Redefining \smash on input line 940.
LaTeX Info: Redefining \relbar on input line 970.
LaTeX Info: Redefining \Relbar on input line 971.
\c@MaxMatrixCols=\count266
\dotsspace@=\muskip16
\c@parentequation=\count267
\dspbrk@lvl=\count268
\tag@help=\toks17
\row@=\count269
\column@=\count270
\maxfields@=\count271
\andhelp@=\toks18
\eqnshift@=\dimen146
\alignsep@=\dimen147
\tagshift@=\dimen148
\tagwidth@=\dimen149
\totwidth@=\dimen150
\lineht@=\dimen151
\@envbody=\toks19
\multlinegap=\skip60
\multlinetaggap=\skip61
\mathdisplay@stack=\toks20
LaTeX Info: Redefining \[ on input line 2953.
LaTeX Info: Redefining \] on input line 2954.
) (d:/texlive/2023/texmf-dist/tex/latex/amsfonts/amsfonts.sty
Package: amsfonts 2013/01/14 v3.01 Basic AMSFonts support
\symAMSa=\mathgroup4
\symAMSb=\mathgroup5
LaTeX Font Info:    Redeclaring math symbol \hbar on input line 98.
LaTeX Font Info:    Overwriting math alphabet `\mathfrak' in version `bold'
(Font)                  U/euf/m/n --> U/euf/b/n on input line 106.
) (d:/texlive/2023/texmf-dist/tex/latex/amsfonts/amssymb.sty
Package: amssymb 2013/01/14 v3.01 AMS font symbols
) (d:/texlive/2023/texmf-dist/tex/latex/amsmath/amscd.sty
Package: amscd 2017/04/14 v2.1 AMS Commutative Diagrams
\athelp@=\toks21
\minaw@=\dimen152
\bigaw@=\dimen153
\minCDarrowwidth=\dimen154
) (d:/texlive/2023/texmf-dist/tex/latex/amscls/amsthm.sty
Package: amsthm 2020/05/29 v2.20.6
\thm@style=\toks22
\thm@bodyfont=\toks23
\thm@headfont=\toks24
\thm@notefont=\toks25
\thm@headpunct=\toks26
\thm@preskip=\skip62
\thm@postskip=\skip63
\thm@headsep=\skip64
\dth@everypar=\toks27
) (d:/texlive/2023/texmf-dist/tex/latex/tools/xspace.sty
Package: xspace 2014/10/28 v1.13 Space after command names (DPC,MH)
)
\c@example=\count272
\c@theorem=\count273
 (d:/texlive/2023/texmf-dist/tex/latex/caption/caption.sty
Package: caption 2023/03/12 v3.6j Customizing captions (AR)
 (d:/texlive/2023/texmf-dist/tex/latex/caption/caption3.sty
Package: caption3 2023/03/12 v2.4 caption3 kernel (AR)
 (d:/texlive/2023/texmf-dist/tex/latex/graphics/keyval.sty
Package: keyval 2022/05/29 v1.15 key=value parser (DPC)
\KV@toks@=\toks28
)
\caption@tempdima=\dimen155
\captionmargin=\dimen156
\caption@leftmargin=\dimen157
\caption@rightmargin=\dimen158
\caption@width=\dimen159
\caption@indent=\dimen160
\caption@parindent=\dimen161
\caption@hangindent=\dimen162
Package caption Info: Standard document class detected.
)
\c@caption@flags=\count274
\c@continuedfloat=\count275
) (d:/texlive/2023/texmf-dist/tex/latex/graphics/graphicx.sty
Package: graphicx 2021/09/16 v1.2d Enhanced LaTeX Graphics (DPC,SPQR)
 (d:/texlive/2023/texmf-dist/tex/latex/graphics/graphics.sty
Package: graphics 2022/03/10 v1.4e Standard LaTeX Graphics (DPC,SPQR)
 (d:/texlive/2023/texmf-dist/tex/latex/graphics/trig.sty
Package: trig 2021/08/11 v1.11 sin cos tan (DPC)
) (d:/texlive/2023/texmf-dist/tex/latex/graphics-cfg/graphics.cfg
File: graphics.cfg 2016/06/04 v1.11 sample graphics configuration
)
Package graphics Info: Driver file: pdftex.def on input line 107.
 (d:/texlive/2023/texmf-dist/tex/latex/graphics-def/pdftex.def
File: pdftex.def 2022/09/22 v1.2b Graphics/color driver for pdftex
))
\Gin@req@height=\dimen163
\Gin@req@width=\dimen164
) (d:/texlive/2023/texmf-dist/tex/latex/epstopdf-pkg/epstopdf.sty
Package: epstopdf 2020-01-24 v2.11 Conversion with epstopdf on the fly (HO)
 (d:/texlive/2023/texmf-dist/tex/generic/infwarerr/infwarerr.sty
Package: infwarerr 2019/12/03 v1.5 Providing info/warning/error messages (HO)
) (d:/texlive/2023/texmf-dist/tex/latex/grfext/grfext.sty
Package: grfext 2019/12/03 v1.3 Manage graphics extensions (HO)
 (d:/texlive/2023/texmf-dist/tex/generic/kvdefinekeys/kvdefinekeys.sty
Package: kvdefinekeys 2019-12-19 v1.6 Define keys (HO)
)) (d:/texlive/2023/texmf-dist/tex/latex/kvoptions/kvoptions.sty
Package: kvoptions 2022-06-15 v3.15 Key value format for package options (HO)
 (d:/texlive/2023/texmf-dist/tex/generic/ltxcmds/ltxcmds.sty
Package: ltxcmds 2020-05-10 v1.25 LaTeX kernel commands for general use (HO)
) (d:/texlive/2023/texmf-dist/tex/latex/kvsetkeys/kvsetkeys.sty
Package: kvsetkeys 2022-10-05 v1.19 Key value parser (HO)
)) (d:/texlive/2023/texmf-dist/tex/generic/pdftexcmds/pdftexcmds.sty
Package: pdftexcmds 2020-06-27 v0.33 Utility functions of pdfTeX for LuaTeX (HO)
 (d:/texlive/2023/texmf-dist/tex/generic/iftex/iftex.sty
Package: iftex 2022/02/03 v1.0f TeX engine tests
)
Package pdftexcmds Info: \pdf@primitive is available.
Package pdftexcmds Info: \pdf@ifprimitive is available.
Package pdftexcmds Info: \pdfdraftmode found.
) (d:/texlive/2023/texmf-dist/tex/latex/epstopdf-pkg/epstopdf-base.sty
Package: epstopdf-base 2020-01-24 v2.11 Base part for package epstopdf
Package epstopdf-base Info: Redefining graphics rule for `.eps' on input line 485.
Package grfext Info: Graphics extension search list:
(grfext)             [.pdf,.png,.jpg,.mps,.jpeg,.jbig2,.jb2,.PDF,.PNG,.JPG,.JPEG,.JBIG2,.JB2,.eps]
(grfext)             \AppendGraphicsExtensions on input line 504.
 (d:/texlive/2023/texmf-dist/tex/latex/latexconfig/epstopdf-sys.cfg
File: epstopdf-sys.cfg 2010/07/13 v1.3 Configuration of (r)epstopdf for TeX Live
))) (d:/texlive/2023/texmf-dist/tex/latex/subfigure/subfigure.sty
Package: subfigure 2002/03/15 v2.1.5 subfigure package
\subfigtopskip=\skip65
\subfigcapskip=\skip66
\subfigcaptopadj=\dimen165
\subfigbottomskip=\skip67
\subfigcapmargin=\dimen166
\subfiglabelskip=\skip68
\c@subfigure=\count276
\c@lofdepth=\count277
\c@subtable=\count278
\c@lotdepth=\count279

****************************************
* Local config file subfigure.cfg used *
****************************************
(d:/texlive/2023/texmf-dist/tex/latex/subfigure/subfigure.cfg)
\subfig@top=\skip69
\subfig@bottom=\skip70
) (d:/texlive/2023/texmf-dist/tex/latex/booktabs/booktabs.sty
Package: booktabs 2020/01/12 v1.61803398 Publication quality tables
\heavyrulewidth=\dimen167
\lightrulewidth=\dimen168
\cmidrulewidth=\dimen169
\belowrulesep=\dimen170
\belowbottomsep=\dimen171
\aboverulesep=\dimen172
\abovetopsep=\dimen173
\cmidrulesep=\dimen174
\cmidrulekern=\dimen175
\defaultaddspace=\dimen176
\@cmidla=\count280
\@cmidlb=\count281
\@aboverulesep=\dimen177
\@belowrulesep=\dimen178
\@thisruleclass=\count282
\@lastruleclass=\count283
\@thisrulewidth=\dimen179
) (d:/texlive/2023/texmf-dist/tex/latex/graphics/rotating.sty
Package: rotating 2016/08/11 v2.16d rotated objects in LaTeX
 (d:/texlive/2023/texmf-dist/tex/latex/base/ifthen.sty
Package: ifthen 2022/04/13 v1.1d Standard LaTeX ifthen package (DPC)
)
\c@r@tfl@t=\count284
\rotFPtop=\skip71
\rotFPbot=\skip72
\rot@float@box=\box53
\rot@mess@toks=\toks29
) (d:/texlive/2023/texmf-dist/tex/latex/listings/listings.sty
\lst@mode=\count285
\lst@gtempboxa=\box54
\lst@token=\toks30
\lst@length=\count286
\lst@currlwidth=\dimen180
\lst@column=\count287
\lst@pos=\count288
\lst@lostspace=\dimen181
\lst@width=\dimen182
\lst@newlines=\count289
\lst@lineno=\count290
\lst@maxwidth=\dimen183
 (./lstpatch.sty) (d:/texlive/2023/texmf-dist/tex/latex/listings/lstmisc.sty
File: lstmisc.sty 2023/02/27 1.9 (Carsten Heinz)
\c@lstnumber=\count291
\lst@skipnumbers=\count292
\lst@framebox=\box55
) (d:/texlive/2023/texmf-dist/tex/latex/listings/listings.cfg
File: listings.cfg 2023/02/27 1.9 listings configuration
))
Package: listings 2023/02/27 1.9 (Carsten Heinz)
 (./lstpatch.sty) (d:/texlive/2023/texmf-dist/tex/latex/hyperref/hyperref.sty
Package: hyperref 2023-02-07 v7.00v Hypertext links for LaTeX
 (d:/texlive/2023/texmf-dist/tex/generic/pdfescape/pdfescape.sty
Package: pdfescape 2019/12/09 v1.15 Implements pdfTeX's escape features (HO)
) (d:/texlive/2023/texmf-dist/tex/latex/hycolor/hycolor.sty
Package: hycolor 2020-01-27 v1.10 Color options for hyperref/bookmark (HO)
) (d:/texlive/2023/texmf-dist/tex/latex/letltxmacro/letltxmacro.sty
Package: letltxmacro 2019/12/03 v1.6 Let assignment for LaTeX macros (HO)
) (d:/texlive/2023/texmf-dist/tex/latex/auxhook/auxhook.sty
Package: auxhook 2019-12-17 v1.6 Hooks for auxiliary files (HO)
) (d:/texlive/2023/texmf-dist/tex/latex/hyperref/nameref.sty
Package: nameref 2022-05-17 v2.50 Cross-referencing by name of section
 (d:/texlive/2023/texmf-dist/tex/latex/refcount/refcount.sty
Package: refcount 2019/12/15 v3.6 Data extraction from label references (HO)
) (d:/texlive/2023/texmf-dist/tex/generic/gettitlestring/gettitlestring.sty
Package: gettitlestring 2019/12/15 v1.6 Cleanup title references (HO)
)
\c@section@level=\count293
)
\@linkdim=\dimen184
\Hy@linkcounter=\count294
\Hy@pagecounter=\count295
 (d:/texlive/2023/texmf-dist/tex/latex/hyperref/pd1enc.def
File: pd1enc.def 2023-02-07 v7.00v Hyperref: PDFDocEncoding definition (HO)
Now handling font encoding PD1 ...
... no UTF-8 mapping file for font encoding PD1
) (d:/texlive/2023/texmf-dist/tex/generic/intcalc/intcalc.sty
Package: intcalc 2019/12/15 v1.3 Expandable calculations with integers (HO)
) (d:/texlive/2023/texmf-dist/tex/generic/etexcmds/etexcmds.sty
Package: etexcmds 2019/12/15 v1.7 Avoid name clashes with e-TeX commands (HO)
)
\Hy@SavedSpaceFactor=\count296
 (d:/texlive/2023/texmf-dist/tex/latex/hyperref/puenc.def
File: puenc.def 2023-02-07 v7.00v Hyperref: PDF Unicode definition (HO)
Now handling font encoding PU ...
... no UTF-8 mapping file for font encoding PU
)
Package hyperref Info: Option `bookmarks' set `true' on input line 4060.
Package hyperref Info: Option `bookmarksopen' set `true' on input line 4060.
Package hyperref Info: Option `bookmarksnumbered' set `true' on input line 4060.
Package hyperref Info: Option `hypertexnames' set `false' on input line 4060.
Package hyperref Info: Option `colorlinks' set `true' on input line 4060.
Package hyperref Info: Option `unicode' set `true' on input line 4060.
Package hyperref Info: Option `breaklinks' set `true' on input line 4060.
Package hyperref Info: Hyper figures OFF on input line 4177.
Package hyperref Info: Link nesting OFF on input line 4182.
Package hyperref Info: Hyper index ON on input line 4185.
Package hyperref Info: Plain pages OFF on input line 4192.
Package hyperref Info: Backreferencing OFF on input line 4197.
Package hyperref Info: Implicit mode ON; LaTeX internals redefined.
Package hyperref Info: Bookmarks ON on input line 4425.
\c@Hy@tempcnt=\count297
 (d:/texlive/2023/texmf-dist/tex/latex/url/url.sty
\Urlmuskip=\muskip17
Package: url 2013/09/16  ver 3.4  Verb mode for urls, etc.
)
LaTeX Info: Redefining \url on input line 4763.
\XeTeXLinkMargin=\dimen185
 (d:/texlive/2023/texmf-dist/tex/generic/bitset/bitset.sty
Package: bitset 2019/12/09 v1.3 Handle bit-vector datatype (HO)
 (d:/texlive/2023/texmf-dist/tex/generic/bigintcalc/bigintcalc.sty
Package: bigintcalc 2019/12/15 v1.5 Expandable calculations on big integers (HO)
))
\Fld@menulength=\count298
\Field@Width=\dimen186
\Fld@charsize=\dimen187
Package hyperref Info: Hyper figures OFF on input line 6042.
Package hyperref Info: Link nesting OFF on input line 6047.
Package hyperref Info: Hyper index ON on input line 6050.
Package hyperref Info: backreferencing OFF on input line 6057.
Package hyperref Info: Link coloring ON on input line 6060.
Package hyperref Info: Link coloring with OCG OFF on input line 6067.
Package hyperref Info: PDF/A mode OFF on input line 6072.
 (d:/texlive/2023/texmf-dist/tex/latex/base/atbegshi-ltx.sty
Package: atbegshi-ltx 2021/01/10 v1.0c Emulation of the original atbegshi
package with kernel methods
)
\Hy@abspage=\count299
\c@Item=\count300
\c@Hfootnote=\count301
)
Package hyperref Info: Driver (autodetected): hpdftex.
 (d:/texlive/2023/texmf-dist/tex/latex/hyperref/hpdftex.def
File: hpdftex.def 2023-02-07 v7.00v Hyperref driver for pdfTeX
 (d:/texlive/2023/texmf-dist/tex/latex/base/atveryend-ltx.sty
Package: atveryend-ltx 2020/08/19 v1.0a Emulation of the original atveryend package
with kernel methods
)
\Fld@listcount=\count302
\c@bookmark@seq@number=\count303
 (d:/texlive/2023/texmf-dist/tex/latex/rerunfilecheck/rerunfilecheck.sty
Package: rerunfilecheck 2022-07-10 v1.10 Rerun checks for auxiliary files (HO)
 (d:/texlive/2023/texmf-dist/tex/generic/uniquecounter/uniquecounter.sty
Package: uniquecounter 2019/12/15 v1.4 Provide unlimited unique counter (HO)
)
Package uniquecounter Info: New unique counter `rerunfilecheck' on input line 285.
)
\Hy@SectionHShift=\skip73
)
\c@dummy=\count304
 (d:/texlive/2023/texmf-dist/tex/latex/tools/longtable.sty
Package: longtable 2021-09-01 v4.17 Multi-page Table package (DPC)
\LTleft=\skip74
\LTright=\skip75
\LTpre=\skip76
\LTpost=\skip77
\LTchunksize=\count305
\LTcapwidth=\dimen188
\LT@head=\box56
\LT@firsthead=\box57
\LT@foot=\box58
\LT@lastfoot=\box59
\LT@gbox=\box60
\LT@cols=\count306
\LT@rows=\count307
\c@LT@tables=\count308
\c@LT@chunks=\count309
\LT@p@ftn=\toks31
)) (d:/texlive/2023/texmf-dist/tex/latex/psnfss/times.sty
Package: times 2020/03/25 PSNFSS-v9.3 (SPQR) 
) (d:/texlive/2023/texmf-dist/tex/latex/graphics/epsfig.sty
Package: epsfig 2017/06/25 v1.7b (e)psfig emulation (SPQR)
\epsfxsize=\dimen189
\epsfysize=\dimen190
) (d:/texlive/2023/texmf-dist/tex/latex/base/latexsym.sty
Package: latexsym 1998/08/17 v2.2e Standard LaTeX package (lasy symbols)
\symlasy=\mathgroup6
LaTeX Font Info:    Overwriting symbol font `lasy' in version `bold'
(Font)                  U/lasy/m/n --> U/lasy/b/n on input line 52.
) (d:/texlive/2023/texmf-dist/tex/latex/multirow/multirow.sty
Package: multirow 2021/03/15 v2.8 Span multiple rows of a table
\multirow@colwidth=\skip78
\multirow@cntb=\count310
\multirow@dima=\skip79
\bigstrutjot=\dimen191
) (d:/texlive/2023/texmf-dist/tex/generic/babel/babel.sty
Package: babel 2023/03/28 3.87 The Babel package
\babel@savecnt=\count311
\U@D=\dimen192
\l@unhyphenated=\language5
 (d:/texlive/2023/texmf-dist/tex/generic/babel/txtbabel.def)
\bbl@readstream=\read2
\bbl@dirlevel=\count312
 (d:/texlive/2023/texmf-dist/tex/generic/babel-english/english.ldf
Language: english 2017/06/06 v3.3r English support from the babel system
Package babel Info: Hyphen rules for 'canadian' set to \l@english
(babel)             (\language0). Reported on input line 102.
Package babel Info: Hyphen rules for 'australian' set to \l@ukenglish
(babel)             (\language3). Reported on input line 105.
Package babel Info: Hyphen rules for 'newzealand' set to \l@ukenglish
(babel)             (\language3). Reported on input line 108.
)) (d:/texlive/2023/texmf-dist/tex/generic/babel/locale/en/babel-english.tex
Package babel Info: Importing font and identification data for english
(babel)             from babel-en.ini. Reported on input line 11.
) (d:/texlive/2023/texmf-dist/tex/latex/blindtext/blindtext.sty
Package: blindtext 2012/01/06 V2.0 blindtext-Package
\c@blindtext=\count313
\c@Blindtext=\count314
\c@blind@countparstart=\count315
\blind@countxx=\count316
\blindtext@numBlindtext=\count317
\blind@countyy=\count318
\c@blindlist=\count319
\c@blindlistlevel=\count320
\c@blindlist@level=\count321
\blind@listitem=\count322
\c@blind@listcount=\count323
\c@blind@levelcount=\count324
\blind@mathformula=\count325
\blind@Mathformula=\count326
\c@blind@randomcount=\count327
\c@blind@randommax=\count328
\c@blind@pangramcount=\count329
\c@blind@pangrammax=\count330
) (d:/texlive/2023/texmf-dist/tex/latex/algorithmicx/algorithmicx.sty
Package: algorithmicx 2005/04/27 v1.2 Algorithmicx

Document Style algorithmicx 1.2 - a greatly improved `algorithmic' style
\c@ALG@line=\count331
\c@ALG@rem=\count332
\c@ALG@nested=\count333
\ALG@tlm=\skip80
\ALG@thistlm=\skip81
\c@ALG@Lnr=\count334
\c@ALG@blocknr=\count335
\c@ALG@storecount=\count336
\c@ALG@tmpcounter=\count337
\ALG@tmplength=\skip82
) (d:/texlive/2023/texmf-dist/tex/latex/algorithms/algorithm.sty
Package: algorithm 2009/08/24 v0.1 Document Style `algorithm' - floating environment
 (d:/texlive/2023/texmf-dist/tex/latex/float/float.sty
Package: float 2001/11/08 v1.3d Float enhancements (AL)
\c@float@type=\count338
\float@exts=\toks32
\float@box=\box61
\@float@everytoks=\toks33
\@floatcapt=\box62
)
\@float@every@algorithm=\toks34
\c@algorithm=\count339
) (d:/texlive/2023/texmf-dist/tex/latex/algorithmicx/algpseudocode.sty
Package: algpseudocode 

Document Style - pseudocode environments for use with the `algorithmicx' style
) (d:/texlive/2023/texmf-dist/tex/latex/natbib/natbib.sty
Package: natbib 2010/09/13 8.31b (PWD, AO)
\bibhang=\skip83
\bibsep=\skip84
LaTeX Info: Redefining \cite on input line 694.
\c@NAT@ctr=\count340
) (d:/texlive/2023/texmf-dist/tex/latex/placeins/placeins.sty
Package: placeins 2005/04/18  v 2.2
) (d:/texlive/2023/texmf-dist/tex/latex/tools/array.sty
Package: array 2022/09/04 v2.5g Tabular extension package (FMi)
\col@sep=\dimen193
\ar@mcellbox=\box63
\extrarowheight=\dimen194
\NC@list=\toks35
\extratabsurround=\skip85
\backup@length=\skip86
\ar@cellbox=\box64
)
LaTeX Font Info:    Trying to load font information for OT1+ptm on input line 52.
 (d:/texlive/2023/texmf-dist/tex/latex/psnfss/ot1ptm.fd
File: ot1ptm.fd 2001/06/04 font definitions for OT1/ptm.
) (d:/texlive/2023/texmf-dist/tex/latex/l3backend/l3backend-pdftex.def
File: l3backend-pdftex.def 2023-03-30 L3 backend support: PDF output (pdfTeX)
\l__color_backend_stack_int=\count341
\l__pdf_internal_box=\box65
) (./Main.aux

LaTeX Warning: Label `ch:ack' multiply defined.


LaTeX Warning: Label `figure:1' multiply defined.


LaTeX Warning: Label `figure:2' multiply defined.


LaTeX Warning: Label `figure:3' multiply defined.


LaTeX Warning: Label `figure:4' multiply defined.


LaTeX Warning: Label `figure:5' multiply defined.

)
\openout1 = `Main.aux'.

LaTeX Font Info:    Checking defaults for OML/cmm/m/it on input line 52.
LaTeX Font Info:    ... okay on input line 52.
LaTeX Font Info:    Checking defaults for OMS/cmsy/m/n on input line 52.
LaTeX Font Info:    ... okay on input line 52.
LaTeX Font Info:    Checking defaults for OT1/cmr/m/n on input line 52.
LaTeX Font Info:    ... okay on input line 52.
LaTeX Font Info:    Checking defaults for T1/cmr/m/n on input line 52.
LaTeX Font Info:    ... okay on input line 52.
LaTeX Font Info:    Checking defaults for TS1/cmr/m/n on input line 52.
LaTeX Font Info:    ... okay on input line 52.
LaTeX Font Info:    Checking defaults for OMX/cmex/m/n on input line 52.
LaTeX Font Info:    ... okay on input line 52.
LaTeX Font Info:    Checking defaults for U/cmr/m/n on input line 52.
LaTeX Font Info:    ... okay on input line 52.
LaTeX Font Info:    Checking defaults for PD1/pdf/m/n on input line 52.
LaTeX Font Info:    ... okay on input line 52.
LaTeX Font Info:    Checking defaults for PU/pdf/m/n on input line 52.
LaTeX Font Info:    ... okay on input line 52.
Package caption Info: Begin \AtBeginDocument code.
Package caption Info: float package is loaded.
Package caption Info: hyperref package is loaded.
Package caption Info: listings package is loaded.
Package caption Info: longtable package is loaded.
 (d:/texlive/2023/texmf-dist/tex/latex/caption/ltcaption.sty
Package: ltcaption 2021/01/08 v1.4c longtable captions (AR)
)
Package caption Info: rotating package is loaded.
Package caption Info: subfigure package is loaded.
Package caption Info: End \AtBeginDocument code.
 (d:/texlive/2023/texmf-dist/tex/context/base/mkii/supp-pdf.mkii
[Loading MPS to PDF converter (version 2006.09.02).]
\scratchcounter=\count342
\scratchdimen=\dimen195
\scratchbox=\box66
\nofMPsegments=\count343
\nofMParguments=\count344
\everyMPshowfont=\toks36
\MPscratchCnt=\count345
\MPscratchDim=\dimen196
\MPnumerator=\count346
\makeMPintoPDFobject=\count347
\everyMPtoPDFconversion=\toks37
)
\c@lstlisting=\count348
 (d:/texlive/2023/texmf-dist/tex/latex/graphics/color.sty
Package: color 2022/01/06 v1.3d Standard LaTeX Color (DPC)
 (d:/texlive/2023/texmf-dist/tex/latex/graphics-cfg/color.cfg
File: color.cfg 2016/01/02 v1.6 sample color configuration
)
Package color Info: Driver file: pdftex.def on input line 149.
 (d:/texlive/2023/texmf-dist/tex/latex/graphics/mathcolor.ltx))
Package hyperref Info: Link coloring ON on input line 52.
 (./Main.out) (./Main.out)
\@outlinefile=\write3
\openout3 = `Main.out'.

 (./AuxPages/title1.tex
<Figures/LNMIIT.png, id=249, 332.24126pt x 152.57pt>
File: Figures/LNMIIT.png Graphic file (type png)
<use Figures/LNMIIT.png>
Package pdftex.def Info: Figures/LNMIIT.png  used on input line 27.
(pdftex.def)             Requested size: 125.19212pt x 57.49063pt.
 [1


{d:/texlive/2023/texmf-var/fonts/map/pdftex/updmap/pdftex.map}{d:/texlive/2023/texmf-dist/fonts/enc/dvips/base/8r.enc} <./Figures/LNMIIT.png>]) (./AuxPages/Copyright.tex
LaTeX Font Info:    Trying to load font information for TS1+ptm on input line 4.
 (d:/texlive/2023/texmf-dist/tex/latex/psnfss/ts1ptm.fd
File: ts1ptm.fd 2001/06/04 font definitions for TS1/ptm.
) [2

]) (./AuxPages/certificate.tex
LaTeX Font Info:    Trying to load font information for U+msa on input line 15.
 (d:/texlive/2023/texmf-dist/tex/latex/amsfonts/umsa.fd
File: umsa.fd 2013/01/14 v3.01 AMS symbols A
)
LaTeX Font Info:    Trying to load font information for U+msb on input line 15.
 (d:/texlive/2023/texmf-dist/tex/latex/amsfonts/umsb.fd
File: umsb.fd 2013/01/14 v3.01 AMS symbols B
)
LaTeX Font Info:    Trying to load font information for U+lasy on input line 15.
 (d:/texlive/2023/texmf-dist/tex/latex/base/ulasy.fd
File: ulasy.fd 1998/08/17 v2.2e LaTeX symbol font definitions
))
Overfull \hbox (11.70065pt too wide) in paragraph at lines 15--65
[][]
 []


Underfull \hbox (badness 10000) in paragraph at lines 15--65

 []

[3

] (./AuxPages/acknowledgements.tex) [4

] (./AuxPages/abstract.tex)
------------------------------------------------------------------------------
 Table of Contents
------------------------------------------------------------------------------
[5

] (./Main.toc [6

])
\tf@toc=\write4
\openout4 = `Main.toc'.

 [7]
------------------------------------------------------------------------------
 List of Figures
------------------------------------------------------------------------------
(./Main.lof)
\tf@lof=\write5
\openout5 = `Main.lof'.

 [8


]
Chapter 1.
------------------------------------------------------------------------------
 1 Introduction
------------------------------------------------------------------------------
(./Chapters/Chapter1.tex [1



]) [2]
Chapter 2.
------------------------------------------------------------------------------
 2 Literature Review
------------------------------------------------------------------------------
(./Chapters/Chapter2.tex [3

] [4]
<Figures//Ch02/PIDGraph.png, id=411, 593.21625pt x 459.7175pt>
File: Figures//Ch02/PIDGraph.png Graphic file (type png)
<use Figures//Ch02/PIDGraph.png>
Package pdftex.def Info: Figures//Ch02/PIDGraph.png  used on input line 52.
(pdftex.def)             Requested size: 361.34999pt x 280.04144pt.


LaTeX Warning: `h' float specifier changed to `ht'.

[5] [6 <./Figures//Ch02/PIDGraph.png>]
Underfull \hbox (badness 10000) in paragraph at lines 90--96

 []

<Figures//Ch02/ml_vs_dl.png, id=425, 730.73pt x 378.41376pt>
File: Figures//Ch02/ml_vs_dl.png Graphic file (type png)
<use Figures//Ch02/ml_vs_dl.png>
Package pdftex.def Info: Figures//Ch02/ml_vs_dl.png  used on input line 99.
(pdftex.def)             Requested size: 361.34999pt x 187.12772pt.

LaTeX Warning: `h' float specifier changed to `ht'.

[7] [8 <./Figures//Ch02/ml_vs_dl.png>]
<Figures//Ch02/positional_embedding.png, id=440, 330.033pt x 148.1535pt>
File: Figures//Ch02/positional_embedding.png Graphic file (type png)
<use Figures//Ch02/positional_embedding.png>
Package pdftex.def Info: Figures//Ch02/positional_embedding.png  used on input line 130.
(pdftex.def)             Requested size: 289.07999pt x 129.76962pt.
<Figures//Ch02/transformer_encoder.png, id=443, 107.80275pt x 227.04825pt>
File: Figures//Ch02/transformer_encoder.png Graphic file (type png)
<use Figures//Ch02/transformer_encoder.png>
Package pdftex.def Info: Figures//Ch02/transformer_encoder.png  used on input line 142.
(pdftex.def)             Requested size: 144.54pt x 304.43707pt.


LaTeX Warning: `h' float specifier changed to `ht'.

[9 <./Figures//Ch02/positional_embedding.png>] [10 <./Figures//Ch02/transformer_encoder.png>]
<Figures//Ch02/transformer_decoder.png, id=459, 296.90926pt x 91.542pt>
File: Figures//Ch02/transformer_decoder.png Graphic file (type png)
<use Figures//Ch02/transformer_decoder.png>
Package pdftex.def Info: Figures//Ch02/transformer_decoder.png  used on input line 169.
(pdftex.def)             Requested size: 289.07999pt x 89.12807pt.
) [11 <./Figures//Ch02/transformer_decoder.png>]
Chapter 3.
------------------------------------------------------------------------------
 3 Proposed Work
------------------------------------------------------------------------------
(./Chapters/Chapter3.tex [12

]
<Figures//Ch03/workflow.png, id=472, 2296.58pt x 353.32pt>
File: Figures//Ch03/workflow.png Graphic file (type png)
<use Figures//Ch03/workflow.png>
Package pdftex.def Info: Figures//Ch03/workflow.png  used on input line 24.
(pdftex.def)             Requested size: 433.62pt x 66.71098pt.

Overfull \hbox (23.37437pt too wide) in paragraph at lines 24--25
 [][] 
 []

<Figures//Ch03/0000001.png, id=473, 1928.20375pt x 1085.05376pt>
File: Figures//Ch03/0000001.png Graphic file (type png)
<use Figures//Ch03/0000001.png>
Package pdftex.def Info: Figures//Ch03/0000001.png  used on input line 39.
(pdftex.def)             Requested size: 289.07999pt x 162.66826pt.
[13 <./Figures//Ch03/workflow.png> <./Figures//Ch03/0000001.png (PNG copy)>]
<Figures//Ch03/final.png, id=479, 256.96pt x 385.44pt>
File: Figures//Ch03/final.png Graphic file (type png)
<use Figures//Ch03/final.png>
Package pdftex.def Info: Figures//Ch03/final.png  used on input line 68.
(pdftex.def)             Requested size: 216.81pt x 325.22008pt.


LaTeX Warning: `h' float specifier changed to `ht'.

[14]
<Figures//Ch03/unbalanced_data.png, id=485, 411.2163pt x 325.215pt>
File: Figures//Ch03/unbalanced_data.png Graphic file (type png)
<use Figures//Ch03/unbalanced_data.png>
Package pdftex.def Info: Figures//Ch03/unbalanced_data.png  used on input line 90.
(pdftex.def)             Requested size: 361.34999pt x 285.79309pt.
 [15 <./Figures//Ch03/final.png (PNG copy)>]
<Figures//Ch03/balanced_data.png, id=490, 404.712pt x 325.215pt>
File: Figures//Ch03/balanced_data.png Graphic file (type png)
<use Figures//Ch03/balanced_data.png>
Package pdftex.def Info: Figures//Ch03/balanced_data.png  used on input line 110.
(pdftex.def)             Requested size: 361.34999pt x 290.38329pt.


LaTeX Warning: `h' float specifier changed to `ht'.

[16 <./Figures//Ch03/unbalanced_data.png>]
<Figures//Ch03/patch_creation.png, id=498, 1054.94125pt x 1172.38pt>
File: Figures//Ch03/patch_creation.png Graphic file (type png)
<use Figures//Ch03/patch_creation.png>
Package pdftex.def Info: Figures//Ch03/patch_creation.png  used on input line 137.
(pdftex.def)             Requested size: 361.34999pt x 401.5735pt.
 [17 <./Figures//Ch03/balanced_data.png>]
<Figures//Ch03/model_decoder.png, id=505, 2679.00874pt x 1447.4075pt>
File: Figures//Ch03/model_decoder.png Graphic file (type png)
<use Figures//Ch03/model_decoder.png>
Package pdftex.def Info: Figures//Ch03/model_decoder.png  used on input line 152.
(pdftex.def)             Requested size: 361.34999pt x 195.21489pt.
<Figures//Ch03/representational_layer.png, id=506, 658.46pt x 963.6pt>
File: Figures//Ch03/representational_layer.png Graphic file (type png)
<use Figures//Ch03/representational_layer.png>
Package pdftex.def Info: Figures//Ch03/representational_layer.png  used on input line 158.
(pdftex.def)             Requested size: 144.54pt x 211.52214pt.
<Figures//Ch03/classification_layer.png, id=507, 658.46pt x 770.88pt>
File: Figures//Ch03/classification_layer.png Graphic file (type png)
<use Figures//Ch03/classification_layer.png>
Package pdftex.def Info: Figures//Ch03/classification_layer.png  used on input line 164.
(pdftex.def)             Requested size: 144.54pt x 169.21771pt.
 [18 <./Figures//Ch03/patch_creation.png>]

LaTeX Warning: `h' float specifier changed to `ht'.

[19 <./Figures//Ch03/model_decoder.png> <./Figures//Ch03/representational_layer.png>]
<Figures//Ch03/dran_nn.png, id=519, 1493.58pt x 1252.68pt>
File: Figures//Ch03/dran_nn.png Graphic file (type png)
<use Figures//Ch03/dran_nn.png>
Package pdftex.def Info: Figures//Ch03/dran_nn.png  used on input line 178.
(pdftex.def)             Requested size: 361.34999pt x 303.05774pt.
 [20 <./Figures//Ch03/classification_layer.png> <./Figures//Ch03/dran_nn.png>]) [21]
Chapter 4.
------------------------------------------------------------------------------
 4 Simulation and Results
------------------------------------------------------------------------------
(./Chapters/Chapter4.tex
LaTeX Font Info:    Trying to load font information for OT1+pcr on input line 6.
 (d:/texlive/2023/texmf-dist/tex/latex/psnfss/ot1pcr.fd
File: ot1pcr.fd 2001/06/04 font definitions for OT1/pcr.
) [22

]
Underfull \hbox (badness 1558) in paragraph at lines 11--12
[]\OT1/ptm/m/n/10.95 Drive Link for the An-a-lyt-ics part: [][]$\OT1/pcr/m/n/10.95 https : / / drive . google . com / drive /
 []

) [23]
Chapter 5.
------------------------------------------------------------------------------
 5 Conclusions and Future Work
------------------------------------------------------------------------------
(./Chapters/conclusion.tex) [24

] (./Main.bbl) [25

] (./Main.aux)

LaTeX Warning: There were multiply-defined labels.

Package rerunfilecheck Info: File `Main.out' has not changed.
(rerunfilecheck)             Checksum: 2EB5E532870BFDDC0B29872A2ED1489C;11556.
 ) 
Here is how much of TeX's memory you used:
 16241 strings out of 477934
 262273 string characters out of 5838267
 1864660 words of memory out of 5000000
 35984 multiletter control sequences out of 15000+600000
 543613 words of font info for 88 fonts, out of 8000000 for 9000
 36 hyphenation exceptions out of 8191
 78i,12n,81p,13148b,623s stack positions out of 10000i,1000n,20000p,200000b,200000s
<d:/texlive/2023/texmf-dist/fonts/type1/public/amsfonts/cm/cmex10.pfb><d:/texlive/2023/texmf-dist/fonts/type1/public/amsfonts/cm/cmmi10.pfb><d:/texlive/2023/texmf-dist/fonts/type1/public/amsfonts/cm/cmmi8.pfb><d:/texlive/2023/texmf-dist/fonts/type1/public/amsfonts/cm/cmr10.pfb><d:/texlive/2023/texmf-dist/fonts/type1/public/amsfonts/cm/cmr8.pfb><d:/texlive/2023/texmf-dist/fonts/type1/public/amsfonts/cm/cmsy10.pfb><d:/texlive/2023/texmf-dist/fonts/type1/urw/courier/ucrr8a.pfb><d:/texlive/2023/texmf-dist/fonts/type1/urw/times/utmb8a.pfb><d:/texlive/2023/texmf-dist/fonts/type1/urw/times/utmbi8a.pfb><d:/texlive/2023/texmf-dist/fonts/type1/urw/times/utmr8a.pfb><d:/texlive/2023/texmf-dist/fonts/type1/urw/times/utmr8a.pfb><d:/texlive/2023/texmf-dist/fonts/type1/urw/times/utmri8a.pfb>
Output written on Main.pdf (33 pages, 4087435 bytes).
PDF statistics:
 638 PDF objects out of 1000 (max. 8388607)
 545 compressed objects within 6 object streams
 127 named destinations out of 1000 (max. 500000)
 569 words of extra memory for PDF output out of 10000 (max. 10000000)

