\BOOKMARK [0][-]{dummy.4}{\376\377\000L\000i\000s\000t\000\040\000o\000f\000\040\000F\000i\000g\000u\000r\000e\000s}{}% 1
\BOOKMARK [0][-]{chapter.6}{\376\377\0001\000\040\000I\000n\000t\000r\000o\000d\000u\000c\000t\000i\000o\000n}{}% 2
\BOOKMARK [1][-]{section.7}{\376\377\0001\000.\0001\000\040\000T\000h\000e\000\040\000A\000r\000e\000a\000\040\000o\000f\000\040\000W\000o\000r\000k}{chapter.6}% 3
\BOOKMARK [1][-]{section.8}{\376\377\0001\000.\0002\000\040\000P\000r\000o\000b\000l\000e\000m\000\040\000A\000d\000d\000r\000e\000s\000s\000e\000d}{chapter.6}% 4
\BOOKMARK [1][-]{section.9}{\376\377\0001\000.\0003\000\040\000E\000x\000i\000s\000t\000i\000n\000g\000\040\000S\000y\000s\000t\000e\000m}{chapter.6}% 5
\BOOKMARK [0][-]{chapter.10}{\376\377\0002\000\040\000L\000i\000t\000e\000r\000a\000t\000u\000r\000e\000\040\000R\000e\000v\000i\000e\000w}{}% 6
\BOOKMARK [1][-]{section.11}{\376\377\0002\000.\0001\000\040\000S\000e\000n\000s\000o\000r\000s\000\040\000i\000n\000\040\000A\000u\000t\000o\000n\000o\000m\000o\000u\000s\000\040\000V\000e\000h\000i\000c\000l\000e\000s}{chapter.10}% 7
\BOOKMARK [2][-]{subsection.12}{\376\377\0002\000.\0001\000.\0001\000\040\000C\000a\000m\000e\000r\000a}{section.11}% 8
\BOOKMARK [2][-]{subsection.13}{\376\377\0002\000.\0001\000.\0002\000\040\000L\000i\000D\000A\000R}{section.11}% 9
\BOOKMARK [2][-]{subsection.14}{\376\377\0002\000.\0001\000.\0003\000\040\000R\000A\000D\000A\000R}{section.11}% 10
\BOOKMARK [2][-]{subsection.15}{\376\377\0002\000.\0001\000.\0004\000\040\000M\000i\000c\000r\000o\000p\000h\000o\000n\000e}{section.11}% 11
\BOOKMARK [1][-]{section.16}{\376\377\0002\000.\0002\000\040\000N\000a\000v\000i\000g\000a\000t\000i\000o\000n\000\040\000S\000y\000s\000t\000e\000m\000s\000\040\000i\000n\000\040\000A\000u\000t\000o\000n\000o\000m\000o\000u\000s\000\040\000V\000e\000h\000i\000c\000l\000e\000s}{chapter.10}% 12
\BOOKMARK [1][-]{section.17}{\376\377\0002\000.\0003\000\040\000V\000e\000h\000i\000c\000l\000e\000\040\000C\000o\000n\000t\000r\000o\000l\000\040\000w\000i\000t\000h\000\040\000D\000e\000e\000p\000\040\000L\000e\000a\000r\000n\000i\000n\000g}{chapter.10}% 13
\BOOKMARK [2][-]{subsection.18}{\376\377\0002\000.\0003\000.\0001\000\040\000M\000a\000c\000h\000i\000n\000e\000\040\000L\000e\000a\000r\000n\000i\000n\000g\000\040\000v\000s\000\040\000D\000e\000e\000p\000\040\000L\000e\000a\000r\000n\000i\000n\000g}{section.17}% 14
\BOOKMARK [3][-]{subsubsection.19}{\376\377\0002\000.\0003\000.\0001\000.\0001\000\040\000M\000a\000c\000h\000i\000n\000e\000\040\000L\000e\000a\000r\000n\000i\000n\000g}{subsection.18}% 15
\BOOKMARK [3][-]{subsubsection.20}{\376\377\0002\000.\0003\000.\0001\000.\0002\000\040\000D\000e\000e\000p\000\040\000L\000e\000a\000r\000n\000i\000n\000g}{subsection.18}% 16
\BOOKMARK [3][-]{subsubsection.22}{\376\377\0002\000.\0003\000.\0001\000.\0003\000\040\000M\000a\000c\000h\000i\000n\000e\000\040\000L\000e\000a\000r\000n\000i\000n\000g\000\040\000o\000r\000\040\000D\000e\000e\000p\000\040\000L\000e\000a\000r\000n\000i\000n\000g\000\040\000f\000o\000r\000\040\000A\000u\000t\000o\000n\000o\000m\000o\000u\000s\000\040\000V\000e\000h\000i\000c\000l\000e\000s}{subsection.18}% 17
\BOOKMARK [2][-]{subsection.23}{\376\377\0002\000.\0003\000.\0002\000\040\000D\000e\000e\000p\000\040\000L\000e\000a\000r\000n\000i\000n\000g\000\040\000A\000l\000g\000o\000r\000i\000t\000h\000m\000s}{section.17}% 18
\BOOKMARK [3][-]{subsubsection.24}{\376\377\0002\000.\0003\000.\0002\000.\0001\000\040\000T\000r\000a\000n\000s\000f\000o\000r\000m\000e\000r\000\040\000N\000e\000t\000w\000o\000r\000k\000s}{subsection.23}% 19
\BOOKMARK [3][-]{subsubsection.28}{\376\377\0002\000.\0003\000.\0002\000.\0002\000\040\000P\000o\000s\000i\000t\000i\000o\000n\000a\000l\000\040\000E\000m\000b\000e\000d\000d\000e\000r\000\040\000i\000n\000\040\000V\000i\000s\000i\000o\000n\000\040\000T\000r\000a\000n\000s\000f\000o\000r\000m\000e\000r}{subsection.23}% 20
\BOOKMARK [3][-]{subsubsection.30}{\376\377\0002\000.\0003\000.\0002\000.\0003\000\040\000E\000n\000c\000o\000d\000e\000r\000\040\000i\000n\000\040\000V\000i\000s\000i\000o\000n\000\040\000T\000r\000a\000n\000s\000f\000o\000r\000m\000e\000r}{subsection.23}% 21
\BOOKMARK [3][-]{subsubsection.32}{\376\377\0002\000.\0003\000.\0002\000.\0004\000\040\000M\000u\000l\000t\000i\000-\000H\000e\000a\000d\000\040\000A\000t\000t\000e\000n\000t\000i\000o\000n\000\040\000i\000n\000\040\000T\000r\000a\000n\000s\000f\000o\000r\000m\000e\000r\000s}{subsection.23}% 22
\BOOKMARK [3][-]{subsubsection.33}{\376\377\0002\000.\0003\000.\0002\000.\0005\000\040\000M\000u\000l\000t\000i\000-\000L\000a\000y\000e\000r\000\040\000P\000e\000r\000c\000e\000p\000t\000r\000o\000n\000\040\000i\000n\000\040\000T\000r\000a\000n\000s\000f\000o\000r\000m\000e\000r\000s}{subsection.23}% 23
\BOOKMARK [3][-]{subsubsection.34}{\376\377\0002\000.\0003\000.\0002\000.\0006\000\040\000D\000e\000c\000o\000d\000e\000r\000\040\000i\000n\000\040\000V\000i\000s\000i\000o\000n\000\040\000T\000r\000a\000n\000s\000f\000o\000r\000m\000e\000r}{subsection.23}% 24
\BOOKMARK [0][-]{chapter.36}{\376\377\0003\000\040\000P\000r\000o\000p\000o\000s\000e\000d\000\040\000W\000o\000r\000k}{}% 25
\BOOKMARK [1][-]{section.37}{\376\377\0003\000.\0001\000\040\000W\000o\000r\000k\000f\000l\000o\000w}{chapter.36}% 26
\BOOKMARK [2][-]{subsection.38}{\376\377\0003\000.\0001\000.\0001\000\040\000F\000o\000r\000m\000u\000l\000a\000t\000i\000o\000n\000\040\000o\000f\000\040\000p\000r\000o\000b\000l\000e\000m\000\040\000s\000t\000a\000t\000e\000m\000e\000n\000t}{section.37}% 27
\BOOKMARK [2][-]{subsection.39}{\376\377\0003\000.\0001\000.\0002\000\040\000C\000r\000e\000a\000t\000i\000n\000g\000\040\000d\000a\000t\000a\000s\000e\000t}{section.37}% 28
\BOOKMARK [2][-]{subsection.40}{\376\377\0003\000.\0001\000.\0003\000\040\000D\000a\000t\000a\000\040\000P\000r\000e\000p\000r\000o\000c\000e\000s\000s\000i\000n\000g}{section.37}% 29
\BOOKMARK [2][-]{subsection.41}{\376\377\0003\000.\0001\000.\0004\000\040\000D\000e\000s\000i\000g\000n\000i\000n\000g\000\040\000N\000e\000u\000r\000a\000l\000\040\000N\000e\000t\000w\000o\000r\000k}{section.37}% 30
\BOOKMARK [2][-]{subsection.42}{\376\377\0003\000.\0001\000.\0005\000\040\000T\000r\000a\000i\000n\000i\000n\000g\000\040\000N\000e\000u\000r\000a\000l\000\040\000N\000e\000t\000w\000o\000r\000k}{section.37}% 31
\BOOKMARK [2][-]{subsection.43}{\376\377\0003\000.\0001\000.\0006\000\040\000S\000i\000m\000u\000l\000a\000t\000i\000o\000n\000\040\000i\000n\000\040\000G\000T\000A\000-\000V}{section.37}% 32
\BOOKMARK [1][-]{section.45}{\376\377\0003\000.\0002\000\040\000D\000a\000t\000a\000s\000e\000t}{chapter.36}% 33
\BOOKMARK [2][-]{subsection.46}{\376\377\0003\000.\0002\000.\0001\000\040\000I\000m\000a\000g\000e}{section.45}% 34
\BOOKMARK [2][-]{subsection.48}{\376\377\0003\000.\0002\000.\0002\000\040\000L\000a\000b\000e\000l\000s}{section.45}% 35
\BOOKMARK [1][-]{section.49}{\376\377\0003\000.\0003\000\040\000D\000a\000t\000a\000\040\000P\000r\000e\000p\000r\000o\000c\000e\000s\000s\000i\000n\000g}{chapter.36}% 36
\BOOKMARK [2][-]{subsection.50}{\376\377\0003\000.\0003\000.\0001\000\040\000G\000e\000n\000e\000r\000a\000t\000i\000n\000g\000\040\000N\000a\000v\000i\000g\000a\000t\000i\000o\000n\000\040\000M\000a\000p}{section.49}% 37
\BOOKMARK [2][-]{subsection.51}{\376\377\0003\000.\0003\000.\0002\000\040\000G\000e\000n\000e\000r\000a\000t\000i\000n\000g\000\040\000S\000p\000e\000e\000d\000\040\000M\000a\000p}{section.49}% 38
\BOOKMARK [2][-]{subsection.52}{\376\377\0003\000.\0003\000.\0003\000\040\000R\000e\000s\000i\000z\000i\000n\000g\000\040\000I\000m\000a\000g\000e}{section.49}% 39
\BOOKMARK [2][-]{subsection.54}{\376\377\0003\000.\0003\000.\0004\000\040\000C\000o\000l\000l\000e\000c\000t\000i\000n\000g\000\040\000g\000e\000n\000e\000r\000a\000t\000e\000\040\000i\000m\000a\000g\000e\000s\000\040\000a\000n\000d\000\040\000l\000a\000b\000e\000l\000s}{section.49}% 40
\BOOKMARK [1][-]{section.55}{\376\377\0003\000.\0004\000\040\000M\000o\000d\000e\000l\000\040\000D\000e\000s\000i\000g\000n\000i\000n\000g}{chapter.36}% 41
\BOOKMARK [2][-]{subsection.56}{\376\377\0003\000.\0004\000.\0001\000\040\000P\000a\000t\000c\000h\000\040\000E\000m\000b\000e\000d\000d\000i\000n\000g}{section.55}% 42
\BOOKMARK [2][-]{subsection.58}{\376\377\0003\000.\0004\000.\0002\000\040\000T\000r\000a\000n\000s\000f\000o\000r\000m\000e\000r\000\040\000E\000n\000c\000o\000d\000e\000r}{section.55}% 43
\BOOKMARK [2][-]{subsection.59}{\376\377\0003\000.\0004\000.\0003\000\040\000M\000o\000d\000e\000l\000\040\000D\000e\000c\000o\000d\000e\000r}{section.55}% 44
\BOOKMARK [2][-]{subsection.63}{\376\377\0003\000.\0004\000.\0004\000\040\000F\000i\000n\000a\000l\000\040\000M\000o\000d\000e\000l}{section.55}% 45
\BOOKMARK [0][-]{dummy.65}{\376\377\000B\000i\000b\000l\000i\000o\000g\000r\000a\000p\000h\000y}{}% 46
